<?xml version="1.0" encoding="UTF-8"?>
<testsuite xmlns:xsi="http://www.w3.org/2001/XMLSchema-instance" xsi:noNamespaceSchemaLocation="https://maven.apache.org/surefire/maven-surefire-plugin/xsd/surefire-test-report.xsd" name="com.example.orderservice.controller.OrderControllerTest" time="0.746" tests="8" errors="0" skipped="0" failures="0">
  <properties>
    <property name="gopherProxySet" value="false"/>
    <property name="awt.toolkit" value="sun.lwawt.macosx.LWCToolkit"/>
    <property name="java.specification.version" value="11"/>
    <property name="sun.cpu.isalist" value=""/>
    <property name="sun.jnu.encoding" value="UTF-8"/>
    <property name="java.class.path" value="/Users/zhangjie/Documents/Wiley/PaperWork/order-service/target/test-classes:/Users/zhangjie/Documents/Wiley/PaperWork/order-service/target/classes:/Users/zhangjie/.m2/repository/org/springframework/boot/spring-boot-starter-web/2.7.15/spring-boot-starter-web-2.7.15.jar:/Users/zhangjie/.m2/repository/org/springframework/boot/spring-boot-starter/2.7.15/spring-boot-starter-2.7.15.jar:/Users/zhangjie/.m2/repository/org/springframework/boot/spring-boot/2.7.15/spring-boot-2.7.15.jar:/Users/zhangjie/.m2/repository/org/springframework/boot/spring-boot-autoconfigure/2.7.15/spring-boot-autoconfigure-2.7.15.jar:/Users/zhangjie/.m2/repository/org/springframework/boot/spring-boot-starter-logging/2.7.15/spring-boot-starter-logging-2.7.15.jar:/Users/zhangjie/.m2/repository/org/apache/logging/log4j/log4j-to-slf4j/2.17.2/log4j-to-slf4j-2.17.2.jar:/Users/zhangjie/.m2/repository/org/apache/logging/log4j/log4j-api/2.17.2/log4j-api-2.17.2.jar:/Users/zhangjie/.m2/repository/org/slf4j/jul-to-slf4j/1.7.36/jul-to-slf4j-1.7.36.jar:/Users/zhangjie/.m2/repository/jakarta/annotation/jakarta.annotation-api/1.3.5/jakarta.annotation-api-1.3.5.jar:/Users/zhangjie/.m2/repository/org/yaml/snakeyaml/1.30/snakeyaml-1.30.jar:/Users/zhangjie/.m2/repository/org/springframework/boot/spring-boot-starter-json/2.7.15/spring-boot-starter-json-2.7.15.jar:/Users/zhangjie/.m2/repository/com/fasterxml/jackson/datatype/jackson-datatype-jdk8/2.13.5/jackson-datatype-jdk8-2.13.5.jar:/Users/zhangjie/.m2/repository/com/fasterxml/jackson/datatype/jackson-datatype-jsr310/2.13.5/jackson-datatype-jsr310-2.13.5.jar:/Users/zhangjie/.m2/repository/com/fasterxml/jackson/module/jackson-module-parameter-names/2.13.5/jackson-module-parameter-names-2.13.5.jar:/Users/zhangjie/.m2/repository/org/springframework/boot/spring-boot-starter-tomcat/2.7.15/spring-boot-starter-tomcat-2.7.15.jar:/Users/zhangjie/.m2/repository/org/apache/tomcat/embed/tomcat-embed-core/9.0.79/tomcat-embed-core-9.0.79.jar:/Users/zhangjie/.m2/repository/org/apache/tomcat/embed/tomcat-embed-websocket/9.0.79/tomcat-embed-websocket-9.0.79.jar:/Users/zhangjie/.m2/repository/org/springframework/spring-web/5.3.29/spring-web-5.3.29.jar:/Users/zhangjie/.m2/repository/org/springframework/spring-beans/5.3.29/spring-beans-5.3.29.jar:/Users/zhangjie/.m2/repository/org/springframework/spring-webmvc/5.3.29/spring-webmvc-5.3.29.jar:/Users/zhangjie/.m2/repository/org/springframework/spring-aop/5.3.29/spring-aop-5.3.29.jar:/Users/zhangjie/.m2/repository/org/springframework/spring-context/5.3.29/spring-context-5.3.29.jar:/Users/zhangjie/.m2/repository/org/springframework/spring-expression/5.3.29/spring-expression-5.3.29.jar:/Users/zhangjie/.m2/repository/org/springframework/boot/spring-boot-starter-data-jpa/2.7.15/spring-boot-starter-data-jpa-2.7.15.jar:/Users/zhangjie/.m2/repository/org/springframework/boot/spring-boot-starter-aop/2.7.15/spring-boot-starter-aop-2.7.15.jar:/Users/zhangjie/.m2/repository/org/aspectj/aspectjweaver/1.9.7/aspectjweaver-1.9.7.jar:/Users/zhangjie/.m2/repository/org/springframework/boot/spring-boot-starter-jdbc/2.7.15/spring-boot-starter-jdbc-2.7.15.jar:/Users/zhangjie/.m2/repository/com/zaxxer/HikariCP/4.0.3/HikariCP-4.0.3.jar:/Users/zhangjie/.m2/repository/org/springframework/spring-jdbc/5.3.29/spring-jdbc-5.3.29.jar:/Users/zhangjie/.m2/repository/jakarta/transaction/jakarta.transaction-api/1.3.3/jakarta.transaction-api-1.3.3.jar:/Users/zhangjie/.m2/repository/jakarta/persistence/jakarta.persistence-api/2.2.3/jakarta.persistence-api-2.2.3.jar:/Users/zhangjie/.m2/repository/org/hibernate/hibernate-core/5.6.15.Final/hibernate-core-5.6.15.Final.jar:/Users/zhangjie/.m2/repository/org/jboss/logging/jboss-logging/3.4.3.Final/jboss-logging-3.4.3.Final.jar:/Users/zhangjie/.m2/repository/net/bytebuddy/byte-buddy/1.12.23/byte-buddy-1.12.23.jar:/Users/zhangjie/.m2/repository/antlr/antlr/2.7.7/antlr-2.7.7.jar:/Users/zhangjie/.m2/repository/org/jboss/jandex/2.4.2.Final/jandex-2.4.2.Final.jar:/Users/zhangjie/.m2/repository/com/fasterxml/classmate/1.5.1/classmate-1.5.1.jar:/Users/zhangjie/.m2/repository/org/hibernate/common/hibernate-commons-annotations/5.1.2.Final/hibernate-commons-annotations-5.1.2.Final.jar:/Users/zhangjie/.m2/repository/org/glassfish/jaxb/jaxb-runtime/2.3.8/jaxb-runtime-2.3.8.jar:/Users/zhangjie/.m2/repository/org/glassfish/jaxb/txw2/2.3.8/txw2-2.3.8.jar:/Users/zhangjie/.m2/repository/com/sun/istack/istack-commons-runtime/3.0.12/istack-commons-runtime-3.0.12.jar:/Users/zhangjie/.m2/repository/com/sun/activation/jakarta.activation/1.2.2/jakarta.activation-1.2.2.jar:/Users/zhangjie/.m2/repository/org/springframework/data/spring-data-jpa/2.7.15/spring-data-jpa-2.7.15.jar:/Users/zhangjie/.m2/repository/org/springframework/data/spring-data-commons/2.7.15/spring-data-commons-2.7.15.jar:/Users/zhangjie/.m2/repository/org/springframework/spring-orm/5.3.29/spring-orm-5.3.29.jar:/Users/zhangjie/.m2/repository/org/springframework/spring-tx/5.3.29/spring-tx-5.3.29.jar:/Users/zhangjie/.m2/repository/org/slf4j/slf4j-api/1.7.36/slf4j-api-1.7.36.jar:/Users/zhangjie/.m2/repository/org/springframework/spring-aspects/5.3.29/spring-aspects-5.3.29.jar:/Users/zhangjie/.m2/repository/com/h2database/h2/2.1.214/h2-2.1.214.jar:/Users/zhangjie/.m2/repository/org/springframework/boot/spring-boot-starter-test/2.7.15/spring-boot-starter-test-2.7.15.jar:/Users/zhangjie/.m2/repository/org/springframework/boot/spring-boot-test/2.7.15/spring-boot-test-2.7.15.jar:/Users/zhangjie/.m2/repository/org/springframework/boot/spring-boot-test-autoconfigure/2.7.15/spring-boot-test-autoconfigure-2.7.15.jar:/Users/zhangjie/.m2/repository/com/jayway/jsonpath/json-path/2.7.0/json-path-2.7.0.jar:/Users/zhangjie/.m2/repository/net/minidev/json-smart/2.4.11/json-smart-2.4.11.jar:/Users/zhangjie/.m2/repository/net/minidev/accessors-smart/2.4.11/accessors-smart-2.4.11.jar:/Users/zhangjie/.m2/repository/jakarta/xml/bind/jakarta.xml.bind-api/2.3.3/jakarta.xml.bind-api-2.3.3.jar:/Users/zhangjie/.m2/repository/jakarta/activation/jakarta.activation-api/1.2.2/jakarta.activation-api-1.2.2.jar:/Users/zhangjie/.m2/repository/org/assertj/assertj-core/3.22.0/assertj-core-3.22.0.jar:/Users/zhangjie/.m2/repository/org/hamcrest/hamcrest/2.2/hamcrest-2.2.jar:/Users/zhangjie/.m2/repository/org/junit/jupiter/junit-jupiter/5.8.2/junit-jupiter-5.8.2.jar:/Users/zhangjie/.m2/repository/org/junit/jupiter/junit-jupiter-api/5.8.2/junit-jupiter-api-5.8.2.jar:/Users/zhangjie/.m2/repository/org/opentest4j/opentest4j/1.2.0/opentest4j-1.2.0.jar:/Users/zhangjie/.m2/repository/org/junit/platform/junit-platform-commons/1.8.2/junit-platform-commons-1.8.2.jar:/Users/zhangjie/.m2/repository/org/apiguardian/apiguardian-api/1.1.2/apiguardian-api-1.1.2.jar:/Users/zhangjie/.m2/repository/org/junit/jupiter/junit-jupiter-params/5.8.2/junit-jupiter-params-5.8.2.jar:/Users/zhangjie/.m2/repository/org/junit/jupiter/junit-jupiter-engine/5.8.2/junit-jupiter-engine-5.8.2.jar:/Users/zhangjie/.m2/repository/org/junit/platform/junit-platform-engine/1.8.2/junit-platform-engine-1.8.2.jar:/Users/zhangjie/.m2/repository/org/mockito/mockito-core/4.5.1/mockito-core-4.5.1.jar:/Users/zhangjie/.m2/repository/net/bytebuddy/byte-buddy-agent/1.12.23/byte-buddy-agent-1.12.23.jar:/Users/zhangjie/.m2/repository/org/objenesis/objenesis/3.2/objenesis-3.2.jar:/Users/zhangjie/.m2/repository/org/mockito/mockito-junit-jupiter/4.5.1/mockito-junit-jupiter-4.5.1.jar:/Users/zhangjie/.m2/repository/org/skyscreamer/jsonassert/1.5.1/jsonassert-1.5.1.jar:/Users/zhangjie/.m2/repository/com/vaadin/external/google/android-json/0.0.20131108.vaadin1/android-json-0.0.20131108.vaadin1.jar:/Users/zhangjie/.m2/repository/org/springframework/spring-core/5.3.29/spring-core-5.3.29.jar:/Users/zhangjie/.m2/repository/org/springframework/spring-jcl/5.3.29/spring-jcl-5.3.29.jar:/Users/zhangjie/.m2/repository/org/springframework/spring-test/5.3.29/spring-test-5.3.29.jar:/Users/zhangjie/.m2/repository/org/xmlunit/xmlunit-core/2.9.1/xmlunit-core-2.9.1.jar:/Users/zhangjie/.m2/repository/org/springframework/cloud/spring-cloud-starter-netflix-eureka-client/3.1.4/spring-cloud-starter-netflix-eureka-client-3.1.4.jar:/Users/zhangjie/.m2/repository/org/springframework/cloud/spring-cloud-starter/3.1.5/spring-cloud-starter-3.1.5.jar:/Users/zhangjie/.m2/repository/org/springframework/cloud/spring-cloud-context/3.1.5/spring-cloud-context-3.1.5.jar:/Users/zhangjie/.m2/repository/org/springframework/security/spring-security-rsa/1.0.11.RELEASE/spring-security-rsa-1.0.11.RELEASE.jar:/Users/zhangjie/.m2/repository/org/bouncycastle/bcpkix-jdk15on/1.69/bcpkix-jdk15on-1.69.jar:/Users/zhangjie/.m2/repository/org/bouncycastle/bcprov-jdk15on/1.69/bcprov-jdk15on-1.69.jar:/Users/zhangjie/.m2/repository/org/bouncycastle/bcutil-jdk15on/1.69/bcutil-jdk15on-1.69.jar:/Users/zhangjie/.m2/repository/org/springframework/cloud/spring-cloud-netflix-eureka-client/3.1.4/spring-cloud-netflix-eureka-client-3.1.4.jar:/Users/zhangjie/.m2/repository/com/netflix/eureka/eureka-client/1.10.17/eureka-client-1.10.17.jar:/Users/zhangjie/.m2/repository/com/netflix/netflix-commons/netflix-eventbus/0.3.0/netflix-eventbus-0.3.0.jar:/Users/zhangjie/.m2/repository/com/netflix/netflix-commons/netflix-infix/0.3.0/netflix-infix-0.3.0.jar:/Users/zhangjie/.m2/repository/commons-jxpath/commons-jxpath/1.3/commons-jxpath-1.3.jar:/Users/zhangjie/.m2/repository/joda-time/joda-time/2.3/joda-time-2.3.jar:/Users/zhangjie/.m2/repository/org/antlr/antlr-runtime/3.4/antlr-runtime-3.4.jar:/Users/zhangjie/.m2/repository/org/antlr/stringtemplate/3.2.1/stringtemplate-3.2.1.jar:/Users/zhangjie/.m2/repository/com/google/code/gson/gson/2.9.1/gson-2.9.1.jar:/Users/zhangjie/.m2/repository/org/apache/commons/commons-math/2.2/commons-math-2.2.jar:/Users/zhangjie/.m2/repository/com/thoughtworks/xstream/xstream/1.4.18/xstream-1.4.18.jar:/Users/zhangjie/.m2/repository/io/github/x-stream/mxparser/1.2.2/mxparser-1.2.2.jar:/Users/zhangjie/.m2/repository/xmlpull/xmlpull/1.1.3.1/xmlpull-1.1.3.1.jar:/Users/zhangjie/.m2/repository/javax/ws/rs/jsr311-api/1.1.1/jsr311-api-1.1.1.jar:/Users/zhangjie/.m2/repository/com/netflix/servo/servo-core/0.12.21/servo-core-0.12.21.jar:/Users/zhangjie/.m2/repository/com/google/guava/guava/19.0/guava-19.0.jar:/Users/zhangjie/.m2/repository/commons-configuration/commons-configuration/1.10/commons-configuration-1.10.jar:/Users/zhangjie/.m2/repository/commons-lang/commons-lang/2.6/commons-lang-2.6.jar:/Users/zhangjie/.m2/repository/com/google/inject/guice/4.1.0/guice-4.1.0.jar:/Users/zhangjie/.m2/repository/com/fasterxml/jackson/core/jackson-annotations/2.13.5/jackson-annotations-2.13.5.jar:/Users/zhangjie/.m2/repository/com/fasterxml/jackson/core/jackson-core/2.13.5/jackson-core-2.13.5.jar:/Users/zhangjie/.m2/repository/org/codehaus/jettison/jettison/1.4.0/jettison-1.4.0.jar:/Users/zhangjie/.m2/repository/com/netflix/eureka/eureka-core/1.10.17/eureka-core-1.10.17.jar:/Users/zhangjie/.m2/repository/com/fasterxml/woodstox/woodstox-core/6.2.1/woodstox-core-6.2.1.jar:/Users/zhangjie/.m2/repository/org/codehaus/woodstox/stax2-api/4.2.1/stax2-api-4.2.1.jar:/Users/zhangjie/.m2/repository/org/springframework/cloud/spring-cloud-starter-loadbalancer/3.1.5/spring-cloud-starter-loadbalancer-3.1.5.jar:/Users/zhangjie/.m2/repository/org/springframework/cloud/spring-cloud-loadbalancer/3.1.5/spring-cloud-loadbalancer-3.1.5.jar:/Users/zhangjie/.m2/repository/io/projectreactor/reactor-core/3.4.32/reactor-core-3.4.32.jar:/Users/zhangjie/.m2/repository/org/reactivestreams/reactive-streams/1.0.4/reactive-streams-1.0.4.jar:/Users/zhangjie/.m2/repository/io/projectreactor/addons/reactor-extra/3.4.10/reactor-extra-3.4.10.jar:/Users/zhangjie/.m2/repository/org/springframework/boot/spring-boot-starter-cache/2.7.15/spring-boot-starter-cache-2.7.15.jar:/Users/zhangjie/.m2/repository/org/springframework/spring-context-support/5.3.29/spring-context-support-5.3.29.jar:/Users/zhangjie/.m2/repository/com/stoyanr/evictor/1.0.0/evictor-1.0.0.jar:/Users/zhangjie/.m2/repository/org/springframework/boot/spring-boot-starter-validation/2.7.15/spring-boot-starter-validation-2.7.15.jar:/Users/zhangjie/.m2/repository/org/apache/tomcat/embed/tomcat-embed-el/9.0.79/tomcat-embed-el-9.0.79.jar:/Users/zhangjie/.m2/repository/org/hibernate/validator/hibernate-validator/6.2.5.Final/hibernate-validator-6.2.5.Final.jar:/Users/zhangjie/.m2/repository/jakarta/validation/jakarta.validation-api/2.0.2/jakarta.validation-api-2.0.2.jar:/Users/zhangjie/.m2/repository/org/springframework/cloud/spring-cloud-starter-circuitbreaker-resilience4j/2.1.5/spring-cloud-starter-circuitbreaker-resilience4j-2.1.5.jar:/Users/zhangjie/.m2/repository/org/springframework/cloud/spring-cloud-circuitbreaker-resilience4j/2.1.5/spring-cloud-circuitbreaker-resilience4j-2.1.5.jar:/Users/zhangjie/.m2/repository/io/github/resilience4j/resilience4j-spring-boot2/1.7.0/resilience4j-spring-boot2-1.7.0.jar:/Users/zhangjie/.m2/repository/io/github/resilience4j/resilience4j-spring/1.7.0/resilience4j-spring-1.7.0.jar:/Users/zhangjie/.m2/repository/io/github/resilience4j/resilience4j-annotations/1.7.0/resilience4j-annotations-1.7.0.jar:/Users/zhangjie/.m2/repository/io/github/resilience4j/resilience4j-consumer/1.7.0/resilience4j-consumer-1.7.0.jar:/Users/zhangjie/.m2/repository/io/github/resilience4j/resilience4j-circularbuffer/1.7.0/resilience4j-circularbuffer-1.7.0.jar:/Users/zhangjie/.m2/repository/io/github/resilience4j/resilience4j-framework-common/1.7.0/resilience4j-framework-common-1.7.0.jar:/Users/zhangjie/.m2/repository/io/github/resilience4j/resilience4j-ratelimiter/1.7.0/resilience4j-ratelimiter-1.7.0.jar:/Users/zhangjie/.m2/repository/io/github/resilience4j/resilience4j-retry/1.7.0/resilience4j-retry-1.7.0.jar:/Users/zhangjie/.m2/repository/io/github/resilience4j/resilience4j-micrometer/1.7.0/resilience4j-micrometer-1.7.0.jar:/Users/zhangjie/.m2/repository/io/github/resilience4j/resilience4j-circuitbreaker/1.7.0/resilience4j-circuitbreaker-1.7.0.jar:/Users/zhangjie/.m2/repository/io/vavr/vavr/0.10.2/vavr-0.10.2.jar:/Users/zhangjie/.m2/repository/io/vavr/vavr-match/0.10.2/vavr-match-0.10.2.jar:/Users/zhangjie/.m2/repository/io/github/resilience4j/resilience4j-core/1.7.0/resilience4j-core-1.7.0.jar:/Users/zhangjie/.m2/repository/io/github/resilience4j/resilience4j-timelimiter/1.7.0/resilience4j-timelimiter-1.7.0.jar:/Users/zhangjie/.m2/repository/org/springframework/cloud/spring-cloud-starter-config/3.1.5/spring-cloud-starter-config-3.1.5.jar:/Users/zhangjie/.m2/repository/org/springframework/cloud/spring-cloud-config-client/3.1.5/spring-cloud-config-client-3.1.5.jar:/Users/zhangjie/.m2/repository/com/fasterxml/jackson/core/jackson-databind/2.13.5/jackson-databind-2.13.5.jar:/Users/zhangjie/.m2/repository/org/springframework/cloud/spring-cloud-starter-bootstrap/3.1.5/spring-cloud-starter-bootstrap-3.1.5.jar:/Users/zhangjie/.m2/repository/org/springframework/cloud/spring-cloud-sleuth-zipkin/3.1.5/spring-cloud-sleuth-zipkin-3.1.5.jar:/Users/zhangjie/.m2/repository/org/springframework/cloud/spring-cloud-sleuth-instrumentation/3.1.5/spring-cloud-sleuth-instrumentation-3.1.5.jar:/Users/zhangjie/.m2/repository/org/springframework/cloud/spring-cloud-sleuth-api/3.1.5/spring-cloud-sleuth-api-3.1.5.jar:/Users/zhangjie/.m2/repository/org/aspectj/aspectjrt/1.9.7/aspectjrt-1.9.7.jar:/Users/zhangjie/.m2/repository/org/springframework/cloud/spring-cloud-commons/3.1.5/spring-cloud-commons-3.1.5.jar:/Users/zhangjie/.m2/repository/org/springframework/security/spring-security-crypto/5.7.10/spring-security-crypto-5.7.10.jar:/Users/zhangjie/.m2/repository/io/zipkin/zipkin2/zipkin/2.23.2/zipkin-2.23.2.jar:/Users/zhangjie/.m2/repository/io/zipkin/reporter2/zipkin-reporter/2.16.3/zipkin-reporter-2.16.3.jar:/Users/zhangjie/.m2/repository/io/zipkin/reporter2/zipkin-reporter-brave/2.16.3/zipkin-reporter-brave-2.16.3.jar:/Users/zhangjie/.m2/repository/io/zipkin/reporter2/zipkin-sender-kafka/2.16.3/zipkin-sender-kafka-2.16.3.jar:/Users/zhangjie/.m2/repository/io/zipkin/reporter2/zipkin-sender-activemq-client/2.16.3/zipkin-sender-activemq-client-2.16.3.jar:/Users/zhangjie/.m2/repository/io/zipkin/reporter2/zipkin-sender-amqp-client/2.16.3/zipkin-sender-amqp-client-2.16.3.jar:/Users/zhangjie/.m2/repository/org/springframework/cloud/spring-cloud-starter-sleuth/3.1.5/spring-cloud-starter-sleuth-3.1.5.jar:/Users/zhangjie/.m2/repository/org/springframework/cloud/spring-cloud-sleuth-autoconfigure/3.1.5/spring-cloud-sleuth-autoconfigure-3.1.5.jar:/Users/zhangjie/.m2/repository/org/springframework/cloud/spring-cloud-sleuth-brave/3.1.5/spring-cloud-sleuth-brave-3.1.5.jar:/Users/zhangjie/.m2/repository/io/zipkin/brave/brave/5.13.9/brave-5.13.9.jar:/Users/zhangjie/.m2/repository/io/zipkin/brave/brave-context-slf4j/5.13.9/brave-context-slf4j-5.13.9.jar:/Users/zhangjie/.m2/repository/io/zipkin/brave/brave-instrumentation-messaging/5.13.9/brave-instrumentation-messaging-5.13.9.jar:/Users/zhangjie/.m2/repository/io/zipkin/brave/brave-instrumentation-rpc/5.13.9/brave-instrumentation-rpc-5.13.9.jar:/Users/zhangjie/.m2/repository/io/zipkin/brave/brave-instrumentation-spring-rabbit/5.13.9/brave-instrumentation-spring-rabbit-5.13.9.jar:/Users/zhangjie/.m2/repository/io/zipkin/brave/brave-instrumentation-kafka-clients/5.13.9/brave-instrumentation-kafka-clients-5.13.9.jar:/Users/zhangjie/.m2/repository/io/zipkin/brave/brave-instrumentation-kafka-streams/5.13.9/brave-instrumentation-kafka-streams-5.13.9.jar:/Users/zhangjie/.m2/repository/io/zipkin/brave/brave-instrumentation-httpclient/5.13.9/brave-instrumentation-httpclient-5.13.9.jar:/Users/zhangjie/.m2/repository/io/zipkin/brave/brave-instrumentation-http/5.13.9/brave-instrumentation-http-5.13.9.jar:/Users/zhangjie/.m2/repository/io/zipkin/brave/brave-instrumentation-httpasyncclient/5.13.9/brave-instrumentation-httpasyncclient-5.13.9.jar:/Users/zhangjie/.m2/repository/io/zipkin/brave/brave-instrumentation-jms/5.13.9/brave-instrumentation-jms-5.13.9.jar:/Users/zhangjie/.m2/repository/io/zipkin/brave/brave-instrumentation-mongodb/5.13.9/brave-instrumentation-mongodb-5.13.9.jar:/Users/zhangjie/.m2/repository/io/zipkin/aws/brave-propagation-aws/0.21.3/brave-propagation-aws-0.21.3.jar:/Users/zhangjie/.m2/repository/io/zipkin/reporter2/zipkin-reporter-metrics-micrometer/2.16.3/zipkin-reporter-metrics-micrometer-2.16.3.jar:/Users/zhangjie/.m2/repository/org/springframework/cloud/spring-cloud-starter-contract-verifier/3.1.5/spring-cloud-starter-contract-verifier-3.1.5.jar:/Users/zhangjie/.m2/repository/org/springframework/cloud/spring-cloud-contract-verifier/3.1.5/spring-cloud-contract-verifier-3.1.5.jar:/Users/zhangjie/.m2/repository/org/springframework/cloud/spring-cloud-contract-spec/3.1.5/spring-cloud-contract-spec-3.1.5.jar:/Users/zhangjie/.m2/repository/org/springframework/cloud/spring-cloud-contract-spec-java/3.1.5/spring-cloud-contract-spec-java-3.1.5.jar:/Users/zhangjie/.m2/repository/dk/brics/automaton/automaton/1.11-8/automaton-1.11-8.jar:/Users/zhangjie/.m2/repository/org/springframework/cloud/spring-cloud-contract-spec-groovy/3.1.5/spring-cloud-contract-spec-groovy-3.1.5.jar:/Users/zhangjie/.m2/repository/org/springframework/cloud/spring-cloud-contract-shade/3.1.5/spring-cloud-contract-shade-3.1.5.jar:/Users/zhangjie/.m2/repository/org/apache/commons/commons-text/1.10.0/commons-text-1.10.0.jar:/Users/zhangjie/.m2/repository/javax/inject/javax.inject/1/javax.inject-1.jar:/Users/zhangjie/.m2/repository/com/github/tomakehurst/wiremock-jre8-standalone/2.33.0/wiremock-jre8-standalone-2.33.0.jar:/Users/zhangjie/.m2/repository/com/rackspace/eclipse/webtools/sourceediting/org.eclipse.wst.xml.xpath2.processor/2.1.100/org.eclipse.wst.xml.xpath2.processor-2.1.100.jar:/Users/zhangjie/.m2/repository/edu/princeton/cup/java-cup/10k/java-cup-10k.jar:/Users/zhangjie/.m2/repository/com/ibm/icu/icu4j/4.6/icu4j-4.6.jar:/Users/zhangjie/.m2/repository/org/codehaus/groovy/groovy-nio/3.0.19/groovy-nio-3.0.19.jar:/Users/zhangjie/.m2/repository/com/github/jknack/handlebars/4.3.0/handlebars-4.3.0.jar:/Users/zhangjie/.m2/repository/commons-beanutils/commons-beanutils/1.9.4/commons-beanutils-1.9.4.jar:/Users/zhangjie/.m2/repository/commons-logging/commons-logging/1.2/commons-logging-1.2.jar:/Users/zhangjie/.m2/repository/commons-collections/commons-collections/3.2.2/commons-collections-3.2.2.jar:/Users/zhangjie/.m2/repository/com/fasterxml/jackson/dataformat/jackson-dataformat-yaml/2.13.5/jackson-dataformat-yaml-2.13.5.jar:/Users/zhangjie/.m2/repository/net/javacrumbs/json-unit/json-unit-assertj/2.27.0/json-unit-assertj-2.27.0.jar:/Users/zhangjie/.m2/repository/net/javacrumbs/json-unit/json-unit-core/2.27.0/json-unit-core-2.27.0.jar:/Users/zhangjie/.m2/repository/org/hamcrest/hamcrest-core/2.2/hamcrest-core-2.2.jar:/Users/zhangjie/.m2/repository/net/javacrumbs/json-unit/json-unit-json-path/2.27.0/json-unit-json-path-2.27.0.jar:/Users/zhangjie/.m2/repository/com/toomuchcoding/jsonassert/jsonassert/0.6.2/jsonassert-0.6.2.jar:/Users/zhangjie/.m2/repository/cglib/cglib/3.2.11/cglib-3.2.11.jar:/Users/zhangjie/.m2/repository/org/ow2/asm/asm/7.1/asm-7.1.jar:/Users/zhangjie/.m2/repository/org/springframework/cloud/spring-cloud-starter-contract-stub-runner/3.1.5/spring-cloud-starter-contract-stub-runner-3.1.5.jar:/Users/zhangjie/.m2/repository/org/springframework/cloud/spring-cloud-contract-stub-runner/3.1.5/spring-cloud-contract-stub-runner-3.1.5.jar:/Users/zhangjie/.m2/repository/org/springframework/cloud/spring-cloud-contract-converters/3.1.5/spring-cloud-contract-converters-3.1.5.jar:/Users/zhangjie/.m2/repository/org/eclipse/jgit/org.eclipse.jgit/5.13.1.202206130422-r/org.eclipse.jgit-5.13.1.202206130422-r.jar:/Users/zhangjie/.m2/repository/com/googlecode/javaewah/JavaEWAH/1.1.13/JavaEWAH-1.1.13.jar:/Users/zhangjie/.m2/repository/org/eclipse/jgit/org.eclipse.jgit.ssh.jsch/5.12.0.202106070339-r/org.eclipse.jgit.ssh.jsch-5.12.0.202106070339-r.jar:/Users/zhangjie/.m2/repository/com/jcraft/jsch/0.1.55/jsch-0.1.55.jar:/Users/zhangjie/.m2/repository/com/jcraft/jzlib/1.1.1/jzlib-1.1.1.jar:/Users/zhangjie/.m2/repository/com/jcraft/jsch.agentproxy.sshagent/0.0.9/jsch.agentproxy.sshagent-0.0.9.jar:/Users/zhangjie/.m2/repository/com/jcraft/jsch.agentproxy.core/0.0.9/jsch.agentproxy.core-0.0.9.jar:/Users/zhangjie/.m2/repository/com/jcraft/jsch.agentproxy.jsch/0.0.9/jsch.agentproxy.jsch-0.0.9.jar:/Users/zhangjie/.m2/repository/com/jcraft/jsch.agentproxy.usocket-jna/0.0.9/jsch.agentproxy.usocket-jna-0.0.9.jar:/Users/zhangjie/.m2/repository/net/java/dev/jna/jna/4.1.0/jna-4.1.0.jar:/Users/zhangjie/.m2/repository/net/java/dev/jna/jna-platform/4.1.0/jna-platform-4.1.0.jar:/Users/zhangjie/.m2/repository/org/springframework/cloud/spring-cloud-contract-wiremock/3.1.5/spring-cloud-contract-wiremock-3.1.5.jar:/Users/zhangjie/.m2/repository/org/apache/maven/resolver/maven-resolver-api/1.4.1/maven-resolver-api-1.4.1.jar:/Users/zhangjie/.m2/repository/org/sonatype/sisu/sisu-inject-plexus/2.6.0/sisu-inject-plexus-2.6.0.jar:/Users/zhangjie/.m2/repository/org/codehaus/plexus/plexus-component-annotations/1.5.5/plexus-component-annotations-1.5.5.jar:/Users/zhangjie/.m2/repository/org/codehaus/plexus/plexus-classworlds/2.5.2/plexus-classworlds-2.5.2.jar:/Users/zhangjie/.m2/repository/org/codehaus/plexus/plexus-utils/3.0.18/plexus-utils-3.0.18.jar:/Users/zhangjie/.m2/repository/org/sonatype/sisu/sisu-inject-bean/2.6.0/sisu-inject-bean-2.6.0.jar:/Users/zhangjie/.m2/repository/javax/enterprise/cdi-api/1.0/cdi-api-1.0.jar:/Users/zhangjie/.m2/repository/javax/annotation/jsr250-api/1.0/jsr250-api-1.0.jar:/Users/zhangjie/.m2/repository/org/sonatype/sisu/sisu-guice/3.2.5/sisu-guice-3.2.5-no_aop.jar:/Users/zhangjie/.m2/repository/org/eclipse/sisu/org.eclipse.sisu.inject/0.3.0/org.eclipse.sisu.inject-0.3.0.jar:/Users/zhangjie/.m2/repository/org/eclipse/sisu/org.eclipse.sisu.plexus/0.3.0/org.eclipse.sisu.plexus-0.3.0.jar:/Users/zhangjie/.m2/repository/io/rest-assured/rest-assured/4.5.1/rest-assured-4.5.1.jar:/Users/zhangjie/.m2/repository/org/codehaus/groovy/groovy/3.0.19/groovy-3.0.19.jar:/Users/zhangjie/.m2/repository/org/codehaus/groovy/groovy-xml/3.0.19/groovy-xml-3.0.19.jar:/Users/zhangjie/.m2/repository/org/apache/httpcomponents/httpclient/4.5.14/httpclient-4.5.14.jar:/Users/zhangjie/.m2/repository/org/apache/httpcomponents/httpcore/4.4.16/httpcore-4.4.16.jar:/Users/zhangjie/.m2/repository/commons-codec/commons-codec/1.15/commons-codec-1.15.jar:/Users/zhangjie/.m2/repository/org/apache/httpcomponents/httpmime/4.5.14/httpmime-4.5.14.jar:/Users/zhangjie/.m2/repository/org/ccil/cowan/tagsoup/tagsoup/1.2.1/tagsoup-1.2.1.jar:/Users/zhangjie/.m2/repository/io/rest-assured/xml-path/4.5.1/xml-path-4.5.1.jar:/Users/zhangjie/.m2/repository/org/apache/commons/commons-lang3/3.12.0/commons-lang3-3.12.0.jar:/Users/zhangjie/.m2/repository/io/rest-assured/json-path/4.5.1/json-path-4.5.1.jar:/Users/zhangjie/.m2/repository/org/codehaus/groovy/groovy-json/3.0.19/groovy-json-3.0.19.jar:/Users/zhangjie/.m2/repository/io/rest-assured/rest-assured-common/4.5.1/rest-assured-common-4.5.1.jar:/Users/zhangjie/.m2/repository/io/rest-assured/spring-mock-mvc/4.5.1/spring-mock-mvc-4.5.1.jar:/Users/zhangjie/.m2/repository/io/rest-assured/spring-commons/4.5.1/spring-commons-4.5.1.jar:/Users/zhangjie/.m2/repository/com/example/product-service/0.0.1-SNAPSHOT/product-service-0.0.1-SNAPSHOT-stubs.jar:/Users/zhangjie/.m2/repository/org/springframework/boot/spring-boot-starter-actuator/2.7.15/spring-boot-starter-actuator-2.7.15.jar:/Users/zhangjie/.m2/repository/org/springframework/boot/spring-boot-actuator-autoconfigure/2.7.15/spring-boot-actuator-autoconfigure-2.7.15.jar:/Users/zhangjie/.m2/repository/org/springframework/boot/spring-boot-actuator/2.7.15/spring-boot-actuator-2.7.15.jar:/Users/zhangjie/.m2/repository/io/micrometer/micrometer-core/1.9.14/micrometer-core-1.9.14.jar:/Users/zhangjie/.m2/repository/org/hdrhistogram/HdrHistogram/2.1.12/HdrHistogram-2.1.12.jar:/Users/zhangjie/.m2/repository/org/latencyutils/LatencyUtils/2.0.3/LatencyUtils-2.0.3.jar:/Users/zhangjie/.m2/repository/org/springframework/cloud/spring-cloud-starter-openfeign/3.1.5/spring-cloud-starter-openfeign-3.1.5.jar:/Users/zhangjie/.m2/repository/org/springframework/cloud/spring-cloud-openfeign-core/3.1.5/spring-cloud-openfeign-core-3.1.5.jar:/Users/zhangjie/.m2/repository/io/github/openfeign/form/feign-form-spring/3.8.0/feign-form-spring-3.8.0.jar:/Users/zhangjie/.m2/repository/io/github/openfeign/form/feign-form/3.8.0/feign-form-3.8.0.jar:/Users/zhangjie/.m2/repository/commons-fileupload/commons-fileupload/1.4/commons-fileupload-1.4.jar:/Users/zhangjie/.m2/repository/io/github/openfeign/feign-core/11.10/feign-core-11.10.jar:/Users/zhangjie/.m2/repository/io/github/openfeign/feign-slf4j/11.10/feign-slf4j-11.10.jar:/Users/zhangjie/.m2/repository/ch/qos/logback/logback-classic/1.2.12/logback-classic-1.2.12.jar:/Users/zhangjie/.m2/repository/ch/qos/logback/logback-core/1.2.12/logback-core-1.2.12.jar:/Users/zhangjie/.m2/repository/org/springframework/cloud/spring-cloud-function-compiler/3.0.6.RELEASE/spring-cloud-function-compiler-3.0.6.RELEASE.jar:"/>
    <property name="java.vm.vendor" value="Oracle Corporation"/>
    <property name="sun.arch.data.model" value="64"/>
    <property name="java.vendor.url" value="http://java.oracle.com/"/>
    <property name="user.timezone" value=""/>
    <property name="java.vm.specification.version" value="11"/>
    <property name="os.name" value="Mac OS X"/>
    <property name="sun.java.launcher" value="SUN_STANDARD"/>
    <property name="user.country" value="CN"/>
    <property name="sun.boot.library.path" value="/Library/Java/JavaVirtualMachines/jdk-11.0.2.jdk/Contents/Home/lib"/>
    <property name="sun.java.command" value="/Users/zhangjie/Documents/Wiley/PaperWork/order-service/target/surefire/surefirebooter5063480252839552160.jar /Users/zhangjie/Documents/Wiley/PaperWork/order-service/target/surefire 2024-11-28T17-58-44_914-jvmRun1 surefire727052719023318997tmp surefire_07789463452295418640tmp"/>
    <property name="jdk.debug" value="release"/>
    <property name="surefire.test.class.path" value="/Users/zhangjie/Documents/Wiley/PaperWork/order-service/target/test-classes:/Users/zhangjie/Documents/Wiley/PaperWork/order-service/target/classes:/Users/zhangjie/.m2/repository/org/springframework/boot/spring-boot-starter-web/2.7.15/spring-boot-starter-web-2.7.15.jar:/Users/zhangjie/.m2/repository/org/springframework/boot/spring-boot-starter/2.7.15/spring-boot-starter-2.7.15.jar:/Users/zhangjie/.m2/repository/org/springframework/boot/spring-boot/2.7.15/spring-boot-2.7.15.jar:/Users/zhangjie/.m2/repository/org/springframework/boot/spring-boot-autoconfigure/2.7.15/spring-boot-autoconfigure-2.7.15.jar:/Users/zhangjie/.m2/repository/org/springframework/boot/spring-boot-starter-logging/2.7.15/spring-boot-starter-logging-2.7.15.jar:/Users/zhangjie/.m2/repository/org/apache/logging/log4j/log4j-to-slf4j/2.17.2/log4j-to-slf4j-2.17.2.jar:/Users/zhangjie/.m2/repository/org/apache/logging/log4j/log4j-api/2.17.2/log4j-api-2.17.2.jar:/Users/zhangjie/.m2/repository/org/slf4j/jul-to-slf4j/1.7.36/jul-to-slf4j-1.7.36.jar:/Users/zhangjie/.m2/repository/jakarta/annotation/jakarta.annotation-api/1.3.5/jakarta.annotation-api-1.3.5.jar:/Users/zhangjie/.m2/repository/org/yaml/snakeyaml/1.30/snakeyaml-1.30.jar:/Users/zhangjie/.m2/repository/org/springframework/boot/spring-boot-starter-json/2.7.15/spring-boot-starter-json-2.7.15.jar:/Users/zhangjie/.m2/repository/com/fasterxml/jackson/datatype/jackson-datatype-jdk8/2.13.5/jackson-datatype-jdk8-2.13.5.jar:/Users/zhangjie/.m2/repository/com/fasterxml/jackson/datatype/jackson-datatype-jsr310/2.13.5/jackson-datatype-jsr310-2.13.5.jar:/Users/zhangjie/.m2/repository/com/fasterxml/jackson/module/jackson-module-parameter-names/2.13.5/jackson-module-parameter-names-2.13.5.jar:/Users/zhangjie/.m2/repository/org/springframework/boot/spring-boot-starter-tomcat/2.7.15/spring-boot-starter-tomcat-2.7.15.jar:/Users/zhangjie/.m2/repository/org/apache/tomcat/embed/tomcat-embed-core/9.0.79/tomcat-embed-core-9.0.79.jar:/Users/zhangjie/.m2/repository/org/apache/tomcat/embed/tomcat-embed-websocket/9.0.79/tomcat-embed-websocket-9.0.79.jar:/Users/zhangjie/.m2/repository/org/springframework/spring-web/5.3.29/spring-web-5.3.29.jar:/Users/zhangjie/.m2/repository/org/springframework/spring-beans/5.3.29/spring-beans-5.3.29.jar:/Users/zhangjie/.m2/repository/org/springframework/spring-webmvc/5.3.29/spring-webmvc-5.3.29.jar:/Users/zhangjie/.m2/repository/org/springframework/spring-aop/5.3.29/spring-aop-5.3.29.jar:/Users/zhangjie/.m2/repository/org/springframework/spring-context/5.3.29/spring-context-5.3.29.jar:/Users/zhangjie/.m2/repository/org/springframework/spring-expression/5.3.29/spring-expression-5.3.29.jar:/Users/zhangjie/.m2/repository/org/springframework/boot/spring-boot-starter-data-jpa/2.7.15/spring-boot-starter-data-jpa-2.7.15.jar:/Users/zhangjie/.m2/repository/org/springframework/boot/spring-boot-starter-aop/2.7.15/spring-boot-starter-aop-2.7.15.jar:/Users/zhangjie/.m2/repository/org/aspectj/aspectjweaver/1.9.7/aspectjweaver-1.9.7.jar:/Users/zhangjie/.m2/repository/org/springframework/boot/spring-boot-starter-jdbc/2.7.15/spring-boot-starter-jdbc-2.7.15.jar:/Users/zhangjie/.m2/repository/com/zaxxer/HikariCP/4.0.3/HikariCP-4.0.3.jar:/Users/zhangjie/.m2/repository/org/springframework/spring-jdbc/5.3.29/spring-jdbc-5.3.29.jar:/Users/zhangjie/.m2/repository/jakarta/transaction/jakarta.transaction-api/1.3.3/jakarta.transaction-api-1.3.3.jar:/Users/zhangjie/.m2/repository/jakarta/persistence/jakarta.persistence-api/2.2.3/jakarta.persistence-api-2.2.3.jar:/Users/zhangjie/.m2/repository/org/hibernate/hibernate-core/5.6.15.Final/hibernate-core-5.6.15.Final.jar:/Users/zhangjie/.m2/repository/org/jboss/logging/jboss-logging/3.4.3.Final/jboss-logging-3.4.3.Final.jar:/Users/zhangjie/.m2/repository/net/bytebuddy/byte-buddy/1.12.23/byte-buddy-1.12.23.jar:/Users/zhangjie/.m2/repository/antlr/antlr/2.7.7/antlr-2.7.7.jar:/Users/zhangjie/.m2/repository/org/jboss/jandex/2.4.2.Final/jandex-2.4.2.Final.jar:/Users/zhangjie/.m2/repository/com/fasterxml/classmate/1.5.1/classmate-1.5.1.jar:/Users/zhangjie/.m2/repository/org/hibernate/common/hibernate-commons-annotations/5.1.2.Final/hibernate-commons-annotations-5.1.2.Final.jar:/Users/zhangjie/.m2/repository/org/glassfish/jaxb/jaxb-runtime/2.3.8/jaxb-runtime-2.3.8.jar:/Users/zhangjie/.m2/repository/org/glassfish/jaxb/txw2/2.3.8/txw2-2.3.8.jar:/Users/zhangjie/.m2/repository/com/sun/istack/istack-commons-runtime/3.0.12/istack-commons-runtime-3.0.12.jar:/Users/zhangjie/.m2/repository/com/sun/activation/jakarta.activation/1.2.2/jakarta.activation-1.2.2.jar:/Users/zhangjie/.m2/repository/org/springframework/data/spring-data-jpa/2.7.15/spring-data-jpa-2.7.15.jar:/Users/zhangjie/.m2/repository/org/springframework/data/spring-data-commons/2.7.15/spring-data-commons-2.7.15.jar:/Users/zhangjie/.m2/repository/org/springframework/spring-orm/5.3.29/spring-orm-5.3.29.jar:/Users/zhangjie/.m2/repository/org/springframework/spring-tx/5.3.29/spring-tx-5.3.29.jar:/Users/zhangjie/.m2/repository/org/slf4j/slf4j-api/1.7.36/slf4j-api-1.7.36.jar:/Users/zhangjie/.m2/repository/org/springframework/spring-aspects/5.3.29/spring-aspects-5.3.29.jar:/Users/zhangjie/.m2/repository/com/h2database/h2/2.1.214/h2-2.1.214.jar:/Users/zhangjie/.m2/repository/org/springframework/boot/spring-boot-starter-test/2.7.15/spring-boot-starter-test-2.7.15.jar:/Users/zhangjie/.m2/repository/org/springframework/boot/spring-boot-test/2.7.15/spring-boot-test-2.7.15.jar:/Users/zhangjie/.m2/repository/org/springframework/boot/spring-boot-test-autoconfigure/2.7.15/spring-boot-test-autoconfigure-2.7.15.jar:/Users/zhangjie/.m2/repository/com/jayway/jsonpath/json-path/2.7.0/json-path-2.7.0.jar:/Users/zhangjie/.m2/repository/net/minidev/json-smart/2.4.11/json-smart-2.4.11.jar:/Users/zhangjie/.m2/repository/net/minidev/accessors-smart/2.4.11/accessors-smart-2.4.11.jar:/Users/zhangjie/.m2/repository/jakarta/xml/bind/jakarta.xml.bind-api/2.3.3/jakarta.xml.bind-api-2.3.3.jar:/Users/zhangjie/.m2/repository/jakarta/activation/jakarta.activation-api/1.2.2/jakarta.activation-api-1.2.2.jar:/Users/zhangjie/.m2/repository/org/assertj/assertj-core/3.22.0/assertj-core-3.22.0.jar:/Users/zhangjie/.m2/repository/org/hamcrest/hamcrest/2.2/hamcrest-2.2.jar:/Users/zhangjie/.m2/repository/org/junit/jupiter/junit-jupiter/5.8.2/junit-jupiter-5.8.2.jar:/Users/zhangjie/.m2/repository/org/junit/jupiter/junit-jupiter-api/5.8.2/junit-jupiter-api-5.8.2.jar:/Users/zhangjie/.m2/repository/org/opentest4j/opentest4j/1.2.0/opentest4j-1.2.0.jar:/Users/zhangjie/.m2/repository/org/junit/platform/junit-platform-commons/1.8.2/junit-platform-commons-1.8.2.jar:/Users/zhangjie/.m2/repository/org/apiguardian/apiguardian-api/1.1.2/apiguardian-api-1.1.2.jar:/Users/zhangjie/.m2/repository/org/junit/jupiter/junit-jupiter-params/5.8.2/junit-jupiter-params-5.8.2.jar:/Users/zhangjie/.m2/repository/org/junit/jupiter/junit-jupiter-engine/5.8.2/junit-jupiter-engine-5.8.2.jar:/Users/zhangjie/.m2/repository/org/junit/platform/junit-platform-engine/1.8.2/junit-platform-engine-1.8.2.jar:/Users/zhangjie/.m2/repository/org/mockito/mockito-core/4.5.1/mockito-core-4.5.1.jar:/Users/zhangjie/.m2/repository/net/bytebuddy/byte-buddy-agent/1.12.23/byte-buddy-agent-1.12.23.jar:/Users/zhangjie/.m2/repository/org/objenesis/objenesis/3.2/objenesis-3.2.jar:/Users/zhangjie/.m2/repository/org/mockito/mockito-junit-jupiter/4.5.1/mockito-junit-jupiter-4.5.1.jar:/Users/zhangjie/.m2/repository/org/skyscreamer/jsonassert/1.5.1/jsonassert-1.5.1.jar:/Users/zhangjie/.m2/repository/com/vaadin/external/google/android-json/0.0.20131108.vaadin1/android-json-0.0.20131108.vaadin1.jar:/Users/zhangjie/.m2/repository/org/springframework/spring-core/5.3.29/spring-core-5.3.29.jar:/Users/zhangjie/.m2/repository/org/springframework/spring-jcl/5.3.29/spring-jcl-5.3.29.jar:/Users/zhangjie/.m2/repository/org/springframework/spring-test/5.3.29/spring-test-5.3.29.jar:/Users/zhangjie/.m2/repository/org/xmlunit/xmlunit-core/2.9.1/xmlunit-core-2.9.1.jar:/Users/zhangjie/.m2/repository/org/springframework/cloud/spring-cloud-starter-netflix-eureka-client/3.1.4/spring-cloud-starter-netflix-eureka-client-3.1.4.jar:/Users/zhangjie/.m2/repository/org/springframework/cloud/spring-cloud-starter/3.1.5/spring-cloud-starter-3.1.5.jar:/Users/zhangjie/.m2/repository/org/springframework/cloud/spring-cloud-context/3.1.5/spring-cloud-context-3.1.5.jar:/Users/zhangjie/.m2/repository/org/springframework/security/spring-security-rsa/1.0.11.RELEASE/spring-security-rsa-1.0.11.RELEASE.jar:/Users/zhangjie/.m2/repository/org/bouncycastle/bcpkix-jdk15on/1.69/bcpkix-jdk15on-1.69.jar:/Users/zhangjie/.m2/repository/org/bouncycastle/bcprov-jdk15on/1.69/bcprov-jdk15on-1.69.jar:/Users/zhangjie/.m2/repository/org/bouncycastle/bcutil-jdk15on/1.69/bcutil-jdk15on-1.69.jar:/Users/zhangjie/.m2/repository/org/springframework/cloud/spring-cloud-netflix-eureka-client/3.1.4/spring-cloud-netflix-eureka-client-3.1.4.jar:/Users/zhangjie/.m2/repository/com/netflix/eureka/eureka-client/1.10.17/eureka-client-1.10.17.jar:/Users/zhangjie/.m2/repository/com/netflix/netflix-commons/netflix-eventbus/0.3.0/netflix-eventbus-0.3.0.jar:/Users/zhangjie/.m2/repository/com/netflix/netflix-commons/netflix-infix/0.3.0/netflix-infix-0.3.0.jar:/Users/zhangjie/.m2/repository/commons-jxpath/commons-jxpath/1.3/commons-jxpath-1.3.jar:/Users/zhangjie/.m2/repository/joda-time/joda-time/2.3/joda-time-2.3.jar:/Users/zhangjie/.m2/repository/org/antlr/antlr-runtime/3.4/antlr-runtime-3.4.jar:/Users/zhangjie/.m2/repository/org/antlr/stringtemplate/3.2.1/stringtemplate-3.2.1.jar:/Users/zhangjie/.m2/repository/com/google/code/gson/gson/2.9.1/gson-2.9.1.jar:/Users/zhangjie/.m2/repository/org/apache/commons/commons-math/2.2/commons-math-2.2.jar:/Users/zhangjie/.m2/repository/com/thoughtworks/xstream/xstream/1.4.18/xstream-1.4.18.jar:/Users/zhangjie/.m2/repository/io/github/x-stream/mxparser/1.2.2/mxparser-1.2.2.jar:/Users/zhangjie/.m2/repository/xmlpull/xmlpull/1.1.3.1/xmlpull-1.1.3.1.jar:/Users/zhangjie/.m2/repository/javax/ws/rs/jsr311-api/1.1.1/jsr311-api-1.1.1.jar:/Users/zhangjie/.m2/repository/com/netflix/servo/servo-core/0.12.21/servo-core-0.12.21.jar:/Users/zhangjie/.m2/repository/com/google/guava/guava/19.0/guava-19.0.jar:/Users/zhangjie/.m2/repository/commons-configuration/commons-configuration/1.10/commons-configuration-1.10.jar:/Users/zhangjie/.m2/repository/commons-lang/commons-lang/2.6/commons-lang-2.6.jar:/Users/zhangjie/.m2/repository/com/google/inject/guice/4.1.0/guice-4.1.0.jar:/Users/zhangjie/.m2/repository/com/fasterxml/jackson/core/jackson-annotations/2.13.5/jackson-annotations-2.13.5.jar:/Users/zhangjie/.m2/repository/com/fasterxml/jackson/core/jackson-core/2.13.5/jackson-core-2.13.5.jar:/Users/zhangjie/.m2/repository/org/codehaus/jettison/jettison/1.4.0/jettison-1.4.0.jar:/Users/zhangjie/.m2/repository/com/netflix/eureka/eureka-core/1.10.17/eureka-core-1.10.17.jar:/Users/zhangjie/.m2/repository/com/fasterxml/woodstox/woodstox-core/6.2.1/woodstox-core-6.2.1.jar:/Users/zhangjie/.m2/repository/org/codehaus/woodstox/stax2-api/4.2.1/stax2-api-4.2.1.jar:/Users/zhangjie/.m2/repository/org/springframework/cloud/spring-cloud-starter-loadbalancer/3.1.5/spring-cloud-starter-loadbalancer-3.1.5.jar:/Users/zhangjie/.m2/repository/org/springframework/cloud/spring-cloud-loadbalancer/3.1.5/spring-cloud-loadbalancer-3.1.5.jar:/Users/zhangjie/.m2/repository/io/projectreactor/reactor-core/3.4.32/reactor-core-3.4.32.jar:/Users/zhangjie/.m2/repository/org/reactivestreams/reactive-streams/1.0.4/reactive-streams-1.0.4.jar:/Users/zhangjie/.m2/repository/io/projectreactor/addons/reactor-extra/3.4.10/reactor-extra-3.4.10.jar:/Users/zhangjie/.m2/repository/org/springframework/boot/spring-boot-starter-cache/2.7.15/spring-boot-starter-cache-2.7.15.jar:/Users/zhangjie/.m2/repository/org/springframework/spring-context-support/5.3.29/spring-context-support-5.3.29.jar:/Users/zhangjie/.m2/repository/com/stoyanr/evictor/1.0.0/evictor-1.0.0.jar:/Users/zhangjie/.m2/repository/org/springframework/boot/spring-boot-starter-validation/2.7.15/spring-boot-starter-validation-2.7.15.jar:/Users/zhangjie/.m2/repository/org/apache/tomcat/embed/tomcat-embed-el/9.0.79/tomcat-embed-el-9.0.79.jar:/Users/zhangjie/.m2/repository/org/hibernate/validator/hibernate-validator/6.2.5.Final/hibernate-validator-6.2.5.Final.jar:/Users/zhangjie/.m2/repository/jakarta/validation/jakarta.validation-api/2.0.2/jakarta.validation-api-2.0.2.jar:/Users/zhangjie/.m2/repository/org/springframework/cloud/spring-cloud-starter-circuitbreaker-resilience4j/2.1.5/spring-cloud-starter-circuitbreaker-resilience4j-2.1.5.jar:/Users/zhangjie/.m2/repository/org/springframework/cloud/spring-cloud-circuitbreaker-resilience4j/2.1.5/spring-cloud-circuitbreaker-resilience4j-2.1.5.jar:/Users/zhangjie/.m2/repository/io/github/resilience4j/resilience4j-spring-boot2/1.7.0/resilience4j-spring-boot2-1.7.0.jar:/Users/zhangjie/.m2/repository/io/github/resilience4j/resilience4j-spring/1.7.0/resilience4j-spring-1.7.0.jar:/Users/zhangjie/.m2/repository/io/github/resilience4j/resilience4j-annotations/1.7.0/resilience4j-annotations-1.7.0.jar:/Users/zhangjie/.m2/repository/io/github/resilience4j/resilience4j-consumer/1.7.0/resilience4j-consumer-1.7.0.jar:/Users/zhangjie/.m2/repository/io/github/resilience4j/resilience4j-circularbuffer/1.7.0/resilience4j-circularbuffer-1.7.0.jar:/Users/zhangjie/.m2/repository/io/github/resilience4j/resilience4j-framework-common/1.7.0/resilience4j-framework-common-1.7.0.jar:/Users/zhangjie/.m2/repository/io/github/resilience4j/resilience4j-ratelimiter/1.7.0/resilience4j-ratelimiter-1.7.0.jar:/Users/zhangjie/.m2/repository/io/github/resilience4j/resilience4j-retry/1.7.0/resilience4j-retry-1.7.0.jar:/Users/zhangjie/.m2/repository/io/github/resilience4j/resilience4j-micrometer/1.7.0/resilience4j-micrometer-1.7.0.jar:/Users/zhangjie/.m2/repository/io/github/resilience4j/resilience4j-circuitbreaker/1.7.0/resilience4j-circuitbreaker-1.7.0.jar:/Users/zhangjie/.m2/repository/io/vavr/vavr/0.10.2/vavr-0.10.2.jar:/Users/zhangjie/.m2/repository/io/vavr/vavr-match/0.10.2/vavr-match-0.10.2.jar:/Users/zhangjie/.m2/repository/io/github/resilience4j/resilience4j-core/1.7.0/resilience4j-core-1.7.0.jar:/Users/zhangjie/.m2/repository/io/github/resilience4j/resilience4j-timelimiter/1.7.0/resilience4j-timelimiter-1.7.0.jar:/Users/zhangjie/.m2/repository/org/springframework/cloud/spring-cloud-starter-config/3.1.5/spring-cloud-starter-config-3.1.5.jar:/Users/zhangjie/.m2/repository/org/springframework/cloud/spring-cloud-config-client/3.1.5/spring-cloud-config-client-3.1.5.jar:/Users/zhangjie/.m2/repository/com/fasterxml/jackson/core/jackson-databind/2.13.5/jackson-databind-2.13.5.jar:/Users/zhangjie/.m2/repository/org/springframework/cloud/spring-cloud-starter-bootstrap/3.1.5/spring-cloud-starter-bootstrap-3.1.5.jar:/Users/zhangjie/.m2/repository/org/springframework/cloud/spring-cloud-sleuth-zipkin/3.1.5/spring-cloud-sleuth-zipkin-3.1.5.jar:/Users/zhangjie/.m2/repository/org/springframework/cloud/spring-cloud-sleuth-instrumentation/3.1.5/spring-cloud-sleuth-instrumentation-3.1.5.jar:/Users/zhangjie/.m2/repository/org/springframework/cloud/spring-cloud-sleuth-api/3.1.5/spring-cloud-sleuth-api-3.1.5.jar:/Users/zhangjie/.m2/repository/org/aspectj/aspectjrt/1.9.7/aspectjrt-1.9.7.jar:/Users/zhangjie/.m2/repository/org/springframework/cloud/spring-cloud-commons/3.1.5/spring-cloud-commons-3.1.5.jar:/Users/zhangjie/.m2/repository/org/springframework/security/spring-security-crypto/5.7.10/spring-security-crypto-5.7.10.jar:/Users/zhangjie/.m2/repository/io/zipkin/zipkin2/zipkin/2.23.2/zipkin-2.23.2.jar:/Users/zhangjie/.m2/repository/io/zipkin/reporter2/zipkin-reporter/2.16.3/zipkin-reporter-2.16.3.jar:/Users/zhangjie/.m2/repository/io/zipkin/reporter2/zipkin-reporter-brave/2.16.3/zipkin-reporter-brave-2.16.3.jar:/Users/zhangjie/.m2/repository/io/zipkin/reporter2/zipkin-sender-kafka/2.16.3/zipkin-sender-kafka-2.16.3.jar:/Users/zhangjie/.m2/repository/io/zipkin/reporter2/zipkin-sender-activemq-client/2.16.3/zipkin-sender-activemq-client-2.16.3.jar:/Users/zhangjie/.m2/repository/io/zipkin/reporter2/zipkin-sender-amqp-client/2.16.3/zipkin-sender-amqp-client-2.16.3.jar:/Users/zhangjie/.m2/repository/org/springframework/cloud/spring-cloud-starter-sleuth/3.1.5/spring-cloud-starter-sleuth-3.1.5.jar:/Users/zhangjie/.m2/repository/org/springframework/cloud/spring-cloud-sleuth-autoconfigure/3.1.5/spring-cloud-sleuth-autoconfigure-3.1.5.jar:/Users/zhangjie/.m2/repository/org/springframework/cloud/spring-cloud-sleuth-brave/3.1.5/spring-cloud-sleuth-brave-3.1.5.jar:/Users/zhangjie/.m2/repository/io/zipkin/brave/brave/5.13.9/brave-5.13.9.jar:/Users/zhangjie/.m2/repository/io/zipkin/brave/brave-context-slf4j/5.13.9/brave-context-slf4j-5.13.9.jar:/Users/zhangjie/.m2/repository/io/zipkin/brave/brave-instrumentation-messaging/5.13.9/brave-instrumentation-messaging-5.13.9.jar:/Users/zhangjie/.m2/repository/io/zipkin/brave/brave-instrumentation-rpc/5.13.9/brave-instrumentation-rpc-5.13.9.jar:/Users/zhangjie/.m2/repository/io/zipkin/brave/brave-instrumentation-spring-rabbit/5.13.9/brave-instrumentation-spring-rabbit-5.13.9.jar:/Users/zhangjie/.m2/repository/io/zipkin/brave/brave-instrumentation-kafka-clients/5.13.9/brave-instrumentation-kafka-clients-5.13.9.jar:/Users/zhangjie/.m2/repository/io/zipkin/brave/brave-instrumentation-kafka-streams/5.13.9/brave-instrumentation-kafka-streams-5.13.9.jar:/Users/zhangjie/.m2/repository/io/zipkin/brave/brave-instrumentation-httpclient/5.13.9/brave-instrumentation-httpclient-5.13.9.jar:/Users/zhangjie/.m2/repository/io/zipkin/brave/brave-instrumentation-http/5.13.9/brave-instrumentation-http-5.13.9.jar:/Users/zhangjie/.m2/repository/io/zipkin/brave/brave-instrumentation-httpasyncclient/5.13.9/brave-instrumentation-httpasyncclient-5.13.9.jar:/Users/zhangjie/.m2/repository/io/zipkin/brave/brave-instrumentation-jms/5.13.9/brave-instrumentation-jms-5.13.9.jar:/Users/zhangjie/.m2/repository/io/zipkin/brave/brave-instrumentation-mongodb/5.13.9/brave-instrumentation-mongodb-5.13.9.jar:/Users/zhangjie/.m2/repository/io/zipkin/aws/brave-propagation-aws/0.21.3/brave-propagation-aws-0.21.3.jar:/Users/zhangjie/.m2/repository/io/zipkin/reporter2/zipkin-reporter-metrics-micrometer/2.16.3/zipkin-reporter-metrics-micrometer-2.16.3.jar:/Users/zhangjie/.m2/repository/org/springframework/cloud/spring-cloud-starter-contract-verifier/3.1.5/spring-cloud-starter-contract-verifier-3.1.5.jar:/Users/zhangjie/.m2/repository/org/springframework/cloud/spring-cloud-contract-verifier/3.1.5/spring-cloud-contract-verifier-3.1.5.jar:/Users/zhangjie/.m2/repository/org/springframework/cloud/spring-cloud-contract-spec/3.1.5/spring-cloud-contract-spec-3.1.5.jar:/Users/zhangjie/.m2/repository/org/springframework/cloud/spring-cloud-contract-spec-java/3.1.5/spring-cloud-contract-spec-java-3.1.5.jar:/Users/zhangjie/.m2/repository/dk/brics/automaton/automaton/1.11-8/automaton-1.11-8.jar:/Users/zhangjie/.m2/repository/org/springframework/cloud/spring-cloud-contract-spec-groovy/3.1.5/spring-cloud-contract-spec-groovy-3.1.5.jar:/Users/zhangjie/.m2/repository/org/springframework/cloud/spring-cloud-contract-shade/3.1.5/spring-cloud-contract-shade-3.1.5.jar:/Users/zhangjie/.m2/repository/org/apache/commons/commons-text/1.10.0/commons-text-1.10.0.jar:/Users/zhangjie/.m2/repository/javax/inject/javax.inject/1/javax.inject-1.jar:/Users/zhangjie/.m2/repository/com/github/tomakehurst/wiremock-jre8-standalone/2.33.0/wiremock-jre8-standalone-2.33.0.jar:/Users/zhangjie/.m2/repository/com/rackspace/eclipse/webtools/sourceediting/org.eclipse.wst.xml.xpath2.processor/2.1.100/org.eclipse.wst.xml.xpath2.processor-2.1.100.jar:/Users/zhangjie/.m2/repository/edu/princeton/cup/java-cup/10k/java-cup-10k.jar:/Users/zhangjie/.m2/repository/com/ibm/icu/icu4j/4.6/icu4j-4.6.jar:/Users/zhangjie/.m2/repository/org/codehaus/groovy/groovy-nio/3.0.19/groovy-nio-3.0.19.jar:/Users/zhangjie/.m2/repository/com/github/jknack/handlebars/4.3.0/handlebars-4.3.0.jar:/Users/zhangjie/.m2/repository/commons-beanutils/commons-beanutils/1.9.4/commons-beanutils-1.9.4.jar:/Users/zhangjie/.m2/repository/commons-logging/commons-logging/1.2/commons-logging-1.2.jar:/Users/zhangjie/.m2/repository/commons-collections/commons-collections/3.2.2/commons-collections-3.2.2.jar:/Users/zhangjie/.m2/repository/com/fasterxml/jackson/dataformat/jackson-dataformat-yaml/2.13.5/jackson-dataformat-yaml-2.13.5.jar:/Users/zhangjie/.m2/repository/net/javacrumbs/json-unit/json-unit-assertj/2.27.0/json-unit-assertj-2.27.0.jar:/Users/zhangjie/.m2/repository/net/javacrumbs/json-unit/json-unit-core/2.27.0/json-unit-core-2.27.0.jar:/Users/zhangjie/.m2/repository/org/hamcrest/hamcrest-core/2.2/hamcrest-core-2.2.jar:/Users/zhangjie/.m2/repository/net/javacrumbs/json-unit/json-unit-json-path/2.27.0/json-unit-json-path-2.27.0.jar:/Users/zhangjie/.m2/repository/com/toomuchcoding/jsonassert/jsonassert/0.6.2/jsonassert-0.6.2.jar:/Users/zhangjie/.m2/repository/cglib/cglib/3.2.11/cglib-3.2.11.jar:/Users/zhangjie/.m2/repository/org/ow2/asm/asm/7.1/asm-7.1.jar:/Users/zhangjie/.m2/repository/org/springframework/cloud/spring-cloud-starter-contract-stub-runner/3.1.5/spring-cloud-starter-contract-stub-runner-3.1.5.jar:/Users/zhangjie/.m2/repository/org/springframework/cloud/spring-cloud-contract-stub-runner/3.1.5/spring-cloud-contract-stub-runner-3.1.5.jar:/Users/zhangjie/.m2/repository/org/springframework/cloud/spring-cloud-contract-converters/3.1.5/spring-cloud-contract-converters-3.1.5.jar:/Users/zhangjie/.m2/repository/org/eclipse/jgit/org.eclipse.jgit/5.13.1.202206130422-r/org.eclipse.jgit-5.13.1.202206130422-r.jar:/Users/zhangjie/.m2/repository/com/googlecode/javaewah/JavaEWAH/1.1.13/JavaEWAH-1.1.13.jar:/Users/zhangjie/.m2/repository/org/eclipse/jgit/org.eclipse.jgit.ssh.jsch/5.12.0.202106070339-r/org.eclipse.jgit.ssh.jsch-5.12.0.202106070339-r.jar:/Users/zhangjie/.m2/repository/com/jcraft/jsch/0.1.55/jsch-0.1.55.jar:/Users/zhangjie/.m2/repository/com/jcraft/jzlib/1.1.1/jzlib-1.1.1.jar:/Users/zhangjie/.m2/repository/com/jcraft/jsch.agentproxy.sshagent/0.0.9/jsch.agentproxy.sshagent-0.0.9.jar:/Users/zhangjie/.m2/repository/com/jcraft/jsch.agentproxy.core/0.0.9/jsch.agentproxy.core-0.0.9.jar:/Users/zhangjie/.m2/repository/com/jcraft/jsch.agentproxy.jsch/0.0.9/jsch.agentproxy.jsch-0.0.9.jar:/Users/zhangjie/.m2/repository/com/jcraft/jsch.agentproxy.usocket-jna/0.0.9/jsch.agentproxy.usocket-jna-0.0.9.jar:/Users/zhangjie/.m2/repository/net/java/dev/jna/jna/4.1.0/jna-4.1.0.jar:/Users/zhangjie/.m2/repository/net/java/dev/jna/jna-platform/4.1.0/jna-platform-4.1.0.jar:/Users/zhangjie/.m2/repository/org/springframework/cloud/spring-cloud-contract-wiremock/3.1.5/spring-cloud-contract-wiremock-3.1.5.jar:/Users/zhangjie/.m2/repository/org/apache/maven/resolver/maven-resolver-api/1.4.1/maven-resolver-api-1.4.1.jar:/Users/zhangjie/.m2/repository/org/sonatype/sisu/sisu-inject-plexus/2.6.0/sisu-inject-plexus-2.6.0.jar:/Users/zhangjie/.m2/repository/org/codehaus/plexus/plexus-component-annotations/1.5.5/plexus-component-annotations-1.5.5.jar:/Users/zhangjie/.m2/repository/org/codehaus/plexus/plexus-classworlds/2.5.2/plexus-classworlds-2.5.2.jar:/Users/zhangjie/.m2/repository/org/codehaus/plexus/plexus-utils/3.0.18/plexus-utils-3.0.18.jar:/Users/zhangjie/.m2/repository/org/sonatype/sisu/sisu-inject-bean/2.6.0/sisu-inject-bean-2.6.0.jar:/Users/zhangjie/.m2/repository/javax/enterprise/cdi-api/1.0/cdi-api-1.0.jar:/Users/zhangjie/.m2/repository/javax/annotation/jsr250-api/1.0/jsr250-api-1.0.jar:/Users/zhangjie/.m2/repository/org/sonatype/sisu/sisu-guice/3.2.5/sisu-guice-3.2.5-no_aop.jar:/Users/zhangjie/.m2/repository/org/eclipse/sisu/org.eclipse.sisu.inject/0.3.0/org.eclipse.sisu.inject-0.3.0.jar:/Users/zhangjie/.m2/repository/org/eclipse/sisu/org.eclipse.sisu.plexus/0.3.0/org.eclipse.sisu.plexus-0.3.0.jar:/Users/zhangjie/.m2/repository/io/rest-assured/rest-assured/4.5.1/rest-assured-4.5.1.jar:/Users/zhangjie/.m2/repository/org/codehaus/groovy/groovy/3.0.19/groovy-3.0.19.jar:/Users/zhangjie/.m2/repository/org/codehaus/groovy/groovy-xml/3.0.19/groovy-xml-3.0.19.jar:/Users/zhangjie/.m2/repository/org/apache/httpcomponents/httpclient/4.5.14/httpclient-4.5.14.jar:/Users/zhangjie/.m2/repository/org/apache/httpcomponents/httpcore/4.4.16/httpcore-4.4.16.jar:/Users/zhangjie/.m2/repository/commons-codec/commons-codec/1.15/commons-codec-1.15.jar:/Users/zhangjie/.m2/repository/org/apache/httpcomponents/httpmime/4.5.14/httpmime-4.5.14.jar:/Users/zhangjie/.m2/repository/org/ccil/cowan/tagsoup/tagsoup/1.2.1/tagsoup-1.2.1.jar:/Users/zhangjie/.m2/repository/io/rest-assured/xml-path/4.5.1/xml-path-4.5.1.jar:/Users/zhangjie/.m2/repository/org/apache/commons/commons-lang3/3.12.0/commons-lang3-3.12.0.jar:/Users/zhangjie/.m2/repository/io/rest-assured/json-path/4.5.1/json-path-4.5.1.jar:/Users/zhangjie/.m2/repository/org/codehaus/groovy/groovy-json/3.0.19/groovy-json-3.0.19.jar:/Users/zhangjie/.m2/repository/io/rest-assured/rest-assured-common/4.5.1/rest-assured-common-4.5.1.jar:/Users/zhangjie/.m2/repository/io/rest-assured/spring-mock-mvc/4.5.1/spring-mock-mvc-4.5.1.jar:/Users/zhangjie/.m2/repository/io/rest-assured/spring-commons/4.5.1/spring-commons-4.5.1.jar:/Users/zhangjie/.m2/repository/com/example/product-service/0.0.1-SNAPSHOT/product-service-0.0.1-SNAPSHOT-stubs.jar:/Users/zhangjie/.m2/repository/org/springframework/boot/spring-boot-starter-actuator/2.7.15/spring-boot-starter-actuator-2.7.15.jar:/Users/zhangjie/.m2/repository/org/springframework/boot/spring-boot-actuator-autoconfigure/2.7.15/spring-boot-actuator-autoconfigure-2.7.15.jar:/Users/zhangjie/.m2/repository/org/springframework/boot/spring-boot-actuator/2.7.15/spring-boot-actuator-2.7.15.jar:/Users/zhangjie/.m2/repository/io/micrometer/micrometer-core/1.9.14/micrometer-core-1.9.14.jar:/Users/zhangjie/.m2/repository/org/hdrhistogram/HdrHistogram/2.1.12/HdrHistogram-2.1.12.jar:/Users/zhangjie/.m2/repository/org/latencyutils/LatencyUtils/2.0.3/LatencyUtils-2.0.3.jar:/Users/zhangjie/.m2/repository/org/springframework/cloud/spring-cloud-starter-openfeign/3.1.5/spring-cloud-starter-openfeign-3.1.5.jar:/Users/zhangjie/.m2/repository/org/springframework/cloud/spring-cloud-openfeign-core/3.1.5/spring-cloud-openfeign-core-3.1.5.jar:/Users/zhangjie/.m2/repository/io/github/openfeign/form/feign-form-spring/3.8.0/feign-form-spring-3.8.0.jar:/Users/zhangjie/.m2/repository/io/github/openfeign/form/feign-form/3.8.0/feign-form-3.8.0.jar:/Users/zhangjie/.m2/repository/commons-fileupload/commons-fileupload/1.4/commons-fileupload-1.4.jar:/Users/zhangjie/.m2/repository/io/github/openfeign/feign-core/11.10/feign-core-11.10.jar:/Users/zhangjie/.m2/repository/io/github/openfeign/feign-slf4j/11.10/feign-slf4j-11.10.jar:/Users/zhangjie/.m2/repository/ch/qos/logback/logback-classic/1.2.12/logback-classic-1.2.12.jar:/Users/zhangjie/.m2/repository/ch/qos/logback/logback-core/1.2.12/logback-core-1.2.12.jar:/Users/zhangjie/.m2/repository/org/springframework/cloud/spring-cloud-function-compiler/3.0.6.RELEASE/spring-cloud-function-compiler-3.0.6.RELEASE.jar:"/>
    <property name="sun.cpu.endian" value="little"/>
    <property name="user.home" value="/Users/zhangjie"/>
    <property name="user.language" value="zh"/>
    <property name="java.specification.vendor" value="Oracle Corporation"/>
    <property name="java.version.date" value="2019-01-15"/>
    <property name="java.home" value="/Library/Java/JavaVirtualMachines/jdk-11.0.2.jdk/Contents/Home"/>
    <property name="file.separator" value="/"/>
    <property name="basedir" value="/Users/zhangjie/Documents/Wiley/PaperWork/order-service"/>
    <property name="java.vm.compressedOopsMode" value="Zero based"/>
    <property name="line.separator" value="&#10;"/>
    <property name="java.specification.name" value="Java Platform API Specification"/>
    <property name="java.vm.specification.vendor" value="Oracle Corporation"/>
    <property name="java.awt.graphicsenv" value="sun.awt.CGraphicsEnvironment"/>
    <property name="surefire.real.class.path" value="/Users/zhangjie/Documents/Wiley/PaperWork/order-service/target/surefire/surefirebooter5063480252839552160.jar"/>
    <property name="user.script" value="Hans"/>
    <property name="sun.management.compiler" value="HotSpot 64-Bit Tiered Compilers"/>
    <property name="java.runtime.version" value="11.0.2+9-LTS"/>
    <property name="user.name" value="zhangjie"/>
    <property name="path.separator" value=":"/>
    <property name="os.version" value="10.16"/>
    <property name="java.runtime.name" value="Java(TM) SE Runtime Environment"/>
    <property name="file.encoding" value="UTF-8"/>
    <property name="java.vm.name" value="Java HotSpot(TM) 64-Bit Server VM"/>
    <property name="java.vendor.version" value="18.9"/>
    <property name="localRepository" value="/Users/zhangjie/.m2/repository"/>
    <property name="java.vendor.url.bug" value="http://bugreport.java.com/bugreport/"/>
    <property name="java.io.tmpdir" value="/var/folders/vc/xf519qx13w9dts1k_xl0_51r0000gn/T/"/>
    <property name="java.version" value="11.0.2"/>
    <property name="user.dir" value="/Users/zhangjie/Documents/Wiley/PaperWork/order-service"/>
    <property name="os.arch" value="x86_64"/>
    <property name="java.vm.specification.name" value="Java Virtual Machine Specification"/>
    <property name="java.awt.printerjob" value="sun.lwawt.macosx.CPrinterJob"/>
    <property name="sun.os.patch.level" value="unknown"/>
    <property name="java.library.path" value="/Users/zhangjie/Library/Java/Extensions:/Library/Java/Extensions:/Network/Library/Java/Extensions:/System/Library/Java/Extensions:/usr/lib/java:."/>
    <property name="java.vendor" value="Oracle Corporation"/>
    <property name="java.vm.info" value="mixed mode"/>
    <property name="java.vm.version" value="11.0.2+9-LTS"/>
    <property name="sun.io.unicode.encoding" value="UnicodeBig"/>
    <property name="java.class.version" value="55.0"/>
  </properties>
  <testcase name="testUpdateOrderStatusInvalidStatus" classname="com.example.orderservice.controller.OrderControllerTest" time="0.686"/>
  <testcase name="testUpdateOrderStatusToCompleted" classname="com.example.orderservice.controller.OrderControllerTest" time="0.007"/>
  <testcase name="testCreateOrderSuccess" classname="com.example.orderservice.controller.OrderControllerTest" time="0.006"/>
  <testcase name="testCheckProductExistsFalse" classname="com.example.orderservice.controller.OrderControllerTest" time="0.004"/>
  <testcase name="testCreateOrderFailure" classname="com.example.orderservice.controller.OrderControllerTest" time="0.003"/>
  <testcase name="testCheckProductExistsTrue" classname="com.example.orderservice.controller.OrderControllerTest" time="0.003"/>
  <testcase name="testGetOrderByIdNotFound" classname="com.example.orderservice.controller.OrderControllerTest" time="0.003"/>
  <testcase name="testGetOrderByIdFound" classname="com.example.orderservice.controller.OrderControllerTest" time="0.003"/>
</testsuite>